<?xml version="1.0" encoding="UTF-8"?>
<testsuite name="me.dio.sdw2024.application.ListChampionsUseCaseIntegrationTest" tests="1" skipped="0" failures="0" errors="0" timestamp="2024-03-27T12:38:07" hostname="V7-NITRO5" time="0.882">
  <properties/>
  <testcase name="testListChampions()" classname="me.dio.sdw2024.application.ListChampionsUseCaseIntegrationTest" time="0.882"/>
  <system-out><![CDATA[09:38:01.278 [Test worker] INFO org.springframework.test.context.support.AnnotationConfigContextLoaderUtils -- Could not detect default configuration classes for test class [me.dio.sdw2024.application.ListChampionsUseCaseIntegrationTest]: ListChampionsUseCaseIntegrationTest does not declare any static, non-private, non-final, nested classes annotated with @Configuration.
09:38:01.424 [Test worker] INFO org.springframework.boot.test.context.SpringBootTestContextBootstrapper -- Found @SpringBootConfiguration me.dio.sdw2024.Application for test class me.dio.sdw2024.application.ListChampionsUseCaseIntegrationTest

  .   ____          _            __ _ _
 /\\ / ___'_ __ _ _(_)_ __  __ _ \ \ \ \
( ( )\___ | '_ | '_| | '_ \/ _` | \ \ \ \
 \\/  ___)| |_)| | | | | || (_| |  ) ) ) )
  '  |____| .__|_| |_|_| |_\__, | / / / /
 =========|_|==============|___/=/_/_/_/
 :: Spring Boot ::                (v3.2.4)

2024-03-27T09:38:03.070-03:00  INFO 13416 --- [santander-dev-week-24] [    Test worker] .s.a.ListChampionsUseCaseIntegrationTest : Starting ListChampionsUseCaseIntegrationTest using Java 21.0.2 with PID 13416 (started by vsouz in C:\Users\vsouz\OneDrive\Documentos\DIO\Java\santander-dev-week-2024\santander-dev-week-2024)
2024-03-27T09:38:03.072-03:00  INFO 13416 --- [santander-dev-week-24] [    Test worker] .s.a.ListChampionsUseCaseIntegrationTest : No active profile set, falling back to 1 default profile: "default"
2024-03-27T09:38:04.029-03:00  INFO 13416 --- [santander-dev-week-24] [    Test worker] .s.d.r.c.RepositoryConfigurationDelegate : Bootstrapping Spring Data JDBC repositories in DEFAULT mode.
2024-03-27T09:38:04.060-03:00  INFO 13416 --- [santander-dev-week-24] [    Test worker] .s.d.r.c.RepositoryConfigurationDelegate : Finished Spring Data repository scanning in 23 ms. Found 0 JDBC repository interfaces.
2024-03-27T09:38:04.322-03:00  INFO 13416 --- [santander-dev-week-24] [    Test worker] o.s.cloud.context.scope.GenericScope     : BeanFactory id=506a9b1e-4c61-3fba-90f7-6c4f557d98c4
2024-03-27T09:38:04.590-03:00  INFO 13416 --- [santander-dev-week-24] [    Test worker] com.zaxxer.hikari.HikariDataSource       : HikariPool-1 - Starting...
2024-03-27T09:38:04.857-03:00  INFO 13416 --- [santander-dev-week-24] [    Test worker] com.zaxxer.hikari.pool.HikariPool        : HikariPool-1 - Added connection conn0: url=jdbc:h2:mem:sdw24 user=SA
2024-03-27T09:38:04.860-03:00  INFO 13416 --- [santander-dev-week-24] [    Test worker] com.zaxxer.hikari.HikariDataSource       : HikariPool-1 - Start completed.
2024-03-27T09:38:06.063-03:00  INFO 13416 --- [santander-dev-week-24] [    Test worker] o.s.b.a.h2.H2ConsoleAutoConfiguration    : H2 console available at '/h2-console'. Database available at 'jdbc:h2:mem:sdw24'
2024-03-27T09:38:07.154-03:00  INFO 13416 --- [santander-dev-week-24] [    Test worker] o.s.cloud.commons.util.InetUtils         : Cannot determine local hostname
2024-03-27T09:38:07.213-03:00  INFO 13416 --- [santander-dev-week-24] [    Test worker] .s.a.ListChampionsUseCaseIntegrationTest : Started ListChampionsUseCaseIntegrationTest in 5.565 seconds (process running for 7.09)
]]></system-out>
  <system-err><![CDATA[WARNING: A Java agent has been loaded dynamically (C:\Users\vsouz\.gradle\caches\modules-2\files-2.1\net.bytebuddy\byte-buddy-agent\1.14.12\be4984cb6fd1ef1d11f218a648889dfda44b8a15\byte-buddy-agent-1.14.12.jar)
WARNING: If a serviceability tool is in use, please run with -XX:+EnableDynamicAgentLoading to hide this warning
WARNING: If a serviceability tool is not in use, please run with -Djdk.instrument.traceUsage for more information
WARNING: Dynamic loading of agents will be disallowed by default in a future release
]]></system-err>
</testsuite>
